<?xml version="1.0" encoding="UTF-8"?>
<!-- Generated by org.testng.reporters.JUnitReportReporter -->
<testsuite hostname="Mahesh" failures="0" tests="1" name="Tests.HomePageTests" time="4.368" errors="0" timestamp="2025-01-30T18:36:53 GMT" skipped="0">
  <testcase classname="Tests.HomePageTests" name="TestFirstOrderPrice" time="4.368"/>
</testsuite> <!-- Tests.HomePageTests -->
